<?xml version="1.0" encoding="UTF-8"?>
<testng-results skipped="0" failed="0" ignored="0" total="1" passed="1">
  <reporter-output>
  </reporter-output>
  <suite name="Default suite" duration-ms="50" started-at="2018-06-25T17:33:39Z" finished-at="2018-06-25T17:33:39Z">
    <groups>
    </groups>
    <test name="Default test" duration-ms="50" started-at="2018-06-25T17:33:39Z" finished-at="2018-06-25T17:33:39Z">
      <class name="com.appiumTest.AndroidTest.DataStructure">
        <test-method status="PASS" signature="BubbleSort()[pri:0, instance:com.appiumTest.AndroidTest.DataStructure@6ec8211c]" name="BubbleSort" duration-ms="19" started-at="2018-06-25T17:33:39Z" finished-at="2018-06-25T17:33:39Z">
          <reporter-output>
          </reporter-output>
        </test-method> <!-- BubbleSort -->
      </class> <!-- com.appiumTest.AndroidTest.DataStructure -->
    </test> <!-- Default test -->
  </suite> <!-- Default suite -->
</testng-results>
